<?xml version="1.0" encoding="UTF-8"?>
<testsuite name="Gradle Test Executor 14" tests="1" skipped="0" failures="1" errors="0" timestamp="2025-11-29T18:24:55.704Z" hostname="LP-20252031" time="0.011">
  <properties/>
  <testcase name="failed to execute tests" classname="Gradle Test Executor 14" time="0.011">
    <failure message="org.gradle.api.internal.tasks.testing.TestSuiteExecutionException: Could not start Gradle Test Executor 14: Failed to load JUnit Platform.  Please ensure that all JUnit Platform dependencies are available on the test's runtime classpath, including the JUnit Platform launcher." type="org.gradle.api.internal.tasks.testing.TestSuiteExecutionException">org.gradle.api.internal.tasks.testing.TestSuiteExecutionException: Could not start Gradle Test Executor 14: Failed to load JUnit Platform.  Please ensure that all JUnit Platform dependencies are available on the test's runtime classpath, including the JUnit Platform launcher.
	at org.gradle.api.internal.tasks.testing.SuiteTestClassProcessor.startProcessing(SuiteTestClassProcessor.java:46)
	at java.base@17.0.12/jdk.internal.reflect.NativeMethodAccessorImpl.invoke0(Native Method)
	at java.base@17.0.12/jdk.internal.reflect.NativeMethodAccessorImpl.invoke(NativeMethodAccessorImpl.java:77)
	at java.base@17.0.12/jdk.internal.reflect.DelegatingMethodAccessorImpl.invoke(DelegatingMethodAccessorImpl.java:43)
	at java.base@17.0.12/java.lang.reflect.Method.invoke(Method.java:568)
	at org.gradle.internal.dispatch.MethodInvocation.invokeOn(MethodInvocation.java:77)
	at org.gradle.internal.dispatch.ReflectionDispatch.dispatch(ReflectionDispatch.java:28)
	at org.gradle.internal.dispatch.ReflectionDispatch.dispatch(ReflectionDispatch.java:19)
	at org.gradle.internal.dispatch.ContextClassLoaderDispatch.dispatch(ContextClassLoaderDispatch.java:33)
	at org.gradle.internal.dispatch.ProxyDispatchAdapter$DispatchingInvocationHandler.invoke(ProxyDispatchAdapter.java:88)
	at jdk.proxy1/jdk.proxy1.$Proxy4.startProcessing(Unknown Source)
	at org.gradle.api.internal.tasks.testing.worker.TestWorker$1.run(TestWorker.java:162)
	at org.gradle.api.internal.tasks.testing.worker.TestWorker.executeAndMaintainThreadName(TestWorker.java:126)
	at org.gradle.api.internal.tasks.testing.worker.TestWorker.execute(TestWorker.java:103)
	at org.gradle.api.internal.tasks.testing.worker.TestWorker.execute(TestWorker.java:63)
	at org.gradle.process.internal.worker.child.ActionExecutionWorker.execute(ActionExecutionWorker.java:56)
	at org.gradle.process.internal.worker.child.SystemApplicationClassLoaderWorker.call(SystemApplicationClassLoaderWorker.java:122)
	at org.gradle.process.internal.worker.child.SystemApplicationClassLoaderWorker.call(SystemApplicationClassLoaderWorker.java:72)
	at app//worker.org.gradle.process.internal.worker.GradleWorkerMain.run(GradleWorkerMain.java:69)
	at app//worker.org.gradle.process.internal.worker.GradleWorkerMain.main(GradleWorkerMain.java:74)
Caused by: org.gradle.api.internal.tasks.testing.RequiresTestFrameworkTestClassProcessor$TestFrameworkNotAvailableException: Failed to load JUnit Platform.  Please ensure that all JUnit Platform dependencies are available on the test's runtime classpath, including the JUnit Platform launcher.
	at org.gradle.api.internal.tasks.testing.junitplatform.JUnitPlatformTestClassProcessor.assertTestFrameworkAvailable(JUnitPlatformTestClassProcessor.java:88)
	at org.gradle.api.internal.tasks.testing.junit.AbstractJUnitTestClassProcessor.startProcessing(AbstractJUnitTestClassProcessor.java:43)
	at org.gradle.api.internal.tasks.testing.SuiteTestClassProcessor.startProcessing(SuiteTestClassProcessor.java:43)
	... 19 more
</failure>
  </testcase>
  <system-out><![CDATA[]]></system-out>
  <system-err><![CDATA[]]></system-err>
</testsuite>
